!       A.png
!       AIM.png
!       Ace, card, cards, game, hazard, heart, playing.png
!       AddComment.png
!       AddPage.png
!       Aid, ambulance, bandage, bandaid, care, doctor.png
!       Aid, capsule, care, chemistry, doctor, dose, drug.png
!       AlarmClock.png
!       Alcohol, beer, beverage, bottle, drink, glass.png
!       Alert.png
!       Alert2.png
!       Ambulance, care, chemistry, cure, doctor, dope.png
!       American, fast food, hamburger, line, meal.png
!       Anchor.png
!       And, fruits, lemon, vegetables.png
!       Android.png
!       AndroidCut.png
!       AndroidMenu.png
!       AndroidPaste.png
!       AndroidSelectedAll.png
!       Angel, christmas, decoration, winter.png
!       Apple.png
!       Appliance, bread, food, toast, toaster.png
!       Apron, pocket.png
!       Archive.png
!       Arrow, streamline, target.png
!       Arrow.png
!       Asterisk.png
!       Award.png
!       Awareness ribbon, health, healthcare, hospital.png
!       Back.png
!       BackSpace.png
!       Badge.png
!       Badminton, birdie, racquetball, sport.png
!       Bag, shopping, streamline.png
!       Bag.png
!       Ball, baseball, game, sport, stick.png
!       Ball, basketball, education, game, school, sport.png
!       Ball, christmas, crystal, decoration, snow globe.png
!       Ball, christmas, decoration, winter.png
!       Ball, education, football, game, handball, school.png
!       Ball, pool, rounded, sport.png
!       Ball, rounded, soccer, sport.png
!       Balloon.png
!       Ban.png
!       Banknote.png
!       Bar.png
!       Barbecue, eat, food, streamline.png
!       Basic, bowling, game, play.png
!       Bathroom, charming, clean up, paper, restroom.png
!       Battery.png
!       Battery2.png
!       Beaker, chemistry, health, healthcare, hospital.png
!       Beauty in nature, cartoon, christmas, christmas.png
!       Bee, honey, jar, sweet.png
!       Bicycle, bike, biking, cycling, fitness, sport.png
!       Bicycle.png
!       Blogger.png
!       Bluetooth.png
!       Bodybuilding, muscle, sport.png
!       Bold.png
!       Bomb, bug.png
!       Book.png
!       Book2.png
!       Boot, christmas, decoration, sock, winter.png
!       Bottle, drink, milk.png
!       Bottle, food, honey, jar.png
!       Brush, paint, streamline.png
!       Brush.png
!       Bulb.png
!       Bullets.png
!       Bus.png
!       Business, chess, finance, financial, game, horse.png
!       Cake, candy, christmas, cookies.png
!       Calculator.png
!       Calendar.png
!       Calendar2.png
!       Camera, streamline, video.png
!       Camera.png
!       Candle, christmas, decoration.png
!       Candy, christmas, decoration, winter.png
!       Candy, christmas, sweet.png
!       Candy, lollipop, lollypop, sugar, sweet.png
!       Capsule, care, chemistry, dose, drug, health.png
!       Care, health, heart, medical, pulse.png
!       Cart.png
!       Case, cross, doctor, health, healthcare, medicine.png
!       CellBars.png
!       CellPhone.png
!       Champion, gold, praise, reward, sport, winner.png
!       Change.png
!       Chaplin, hat, streamline.png
!       ChartColumn.png
!       ChartLine.png
!       ChartPie.png
!       Check.png
!       CheckMark.png
!       Checklist.png
!       Chess, game, piece, rook, strategy.png
!       Chicken, drumstick, food.png
!       Chips, deep-fried, fast, food, french, fries, potato.png
!       Christmas, cold, freeze, frost, frozen, snow.png
!       Christmas, crown, decoration, winter, wreath.png
!       Christmas, deer, reindeer, rudolf, winter.png
!       Christmas, sled, sledge, sleigh.png
!       Christmas, snow, snowman, winter.png
!       Christmas.png
!       Circle.png
!       CircledMinus.png
!       CircledPlus.png
!       CircledX.png
!       Claus, hat, santa.png
!       Clean.png
!       Clock.png
!       Clock2.png
!       Cloud.png
!       Club.png
!       Coffee, streamline.png
!       Coffee.png
!       Cold, cone, cream, ice.png
!       Colour.png
!       Columns.png
!       Comments.png
!       Console, controller, game, tool.png
!       Contact.png
!       Contacts.png
!       Control.png
!       Copy.png
!       Copyright.png
!       CoverFlow.png
!       Cream, dessert, food, ice.png
!       CreativeCommons.png
!       Crown.png
!       Cup, tea.png
!       Cursor.png
!       Cut.png
!       Dash.png
!       Dashboard, speed, streamline.png
!       DataBase.png
!       Delete.png
!       Delicious.png
!       Design, graphic tablet, streamline, tablet.png
!       Diamond.png
!       Digg.png
!       Dining.png
!       Direction.png
!       Direction2.png
!       Disk.png
!       DocEmpty.png
!       DocExcel.png
!       DocPDF.png
!       DocWord.png
!       Document.png
!       Dollar.png
!       Dot.png
!       DotHollow.png
!       DoubleArrow.png
!       DownArrow.png
!       DownFilledInTriangle.png
!       DownLeftArrow.png
!       DownRightArrow.png
!       DownTriangle.png
!       Download.png
!       Download2.png
!       Download3.png
!       Download4.png
!       Dribbble.png
!       Dumb.png
!       Dumbbell, kettlebell, sport, weight.png
!       Earth, globe, streamline.png
!       Earth.png
!       Education, football, game, play, school, soccer.png
!       Eject.png
!       Ellipsis.png
!       Email.png
!       Emoticon.png
!       Empty.png
!       Enlarge.png
!       Envellope, mail, streamline.png
!       Euro.png
!       Event.png
!       ExclamationPoint.png
!       ExitFullScreen.png
!       Export.png
!       Eye.png
!       Eyeglasses.png
!       Facebook.png
!       Feather.png
!       Female.png
!       File.png
!       Filter.png
!       First aid, medecine, shield, streamline.png
!       Flag.png
!       Flash drive, memory stick, usb, usb key.png
!       Flickr.png
!       Folder.png
!       FolderClosed.png
!       Food, hood, kitchen.png
!       Forbidden.png
!       Forward.png
!       Fridge, refrigerator.png
!       FriendFeed.png
!       FullScreen.png
!       Furniture.png
!       GMail.png
!       Gear.png
!       GeoLocation.png
!       GeoLocation2.png
!       Gift.png
!       Glasses.png
!       Google+.png
!       Google.png
!       Grid.png
!       Gt.png
!       GtCircled.png
!       Guitar, instrument, music.png
!       HLines.png
!       Hair dryer, service, vacation.png
!       HandClosed.png
!       HandOpen.png
!       HandPoint.png
!       Hd.png
!       Headset.png
!       Health, healthcare, hospital, medical, medicine.png
!       Heart.png
!       Help.png
!       Help2.png
!       Home.png
!       HomeMobile.png
!       HourGlass.png
!       IBeam.png
!       Id.png
!       Id1.png
!       Id2.png
!       Image.png
!       Import.png
!       Inbox.png
!       Indent.png
!       Info.png
!       Info2.png
!       Ink, pen, streamline.png
!       Ipad.png
!       Ipod, mini, music, streamline.png
!       Ipod, music, streamline.png
!       Iron.png
!       Italic.png
!       Japan, streamline, tea.png
!       Jewel.png
!       Jigsaw.png
!       JumpBack.png
!       JumpOut.png
!       Key.png
!       Knife, lettuce.png
!       Label.png
!       LeftArrow.png
!       LeftFillTriangle.png
!       LeftTriangle.png
!       Letter.png
!       Lifebuoy.png
!       LightBulb.png
!       Lightning.png
!       Line.png
!       Link.png
!       LinkGlobe.png
!       LinkedIn.png
!       List.png
!       Location.png
!       Lock.png
!       Lock2.png
!       LockOpen.png
!       Logout.png
!       Machine, sewing.png
!       Magnifier.png
!       MailFavourite.png
!       Male.png
!       Map.png
!       Marker.png
!       Medicine.png
!       Mic.png
!       Microwave, oven.png
!       Minus.png
!       Moon.png
!       More.png
!       Mouse.png
!       Music, radio.png
!       Music.png
!       New.png
!       News.png
!       News2.png
!       Next.png
!       Note.png
!       Notebook, streamline.png
!       Number0.png
!       Number1.png
!       Number2.png
!       Number3.png
!       Number4.png
!       Number5.png
!       Number6.png
!       Number7.png
!       Number8.png
!       Number9.png
!       NumberedList.png
!       Office.png
!       OpenID.png
!       Outdent.png
!       Pages.png
!       Paint bucket, streamline.png
!       Painting, roll, streamline.png
!       PaperClip.png
!       Paste.png
!       Pause.png
!       Pencil.png
!       Phone.png
!       Phone2.png
!       PhoneDial.png
!       PhoneHangUp.png
!       Picture, streamline.png
!       Pinterest.png
!       Plane.png
!       Plate.png
!       Plus.png
!       PlusBig.png
!       Police.png
!       PopOut.png
!       PortletEdit.png
!       PortletHelp.png
!       PortletMaximize.png
!       PortletMinimize.png
!       Pound.png
!       Power.png
!       Print.png
!       PushPin.png
!       QQ.png
!       QRcode.png
!       RSS.png
!       Rain.png
!       Receipt, shopping, streamline.png
!       Recycle.png
!       Reddit.png
!       Redo.png
!       Registered.png
!       Reload.png
!       Remote control, streamline.png
!       Repeat.png
!       Rewind.png
!       RewindChapter.png
!       RightArrow.png
!       RightFilledInTriangle.png
!       RightTriangle.png
!       Ruler.png
!       SadFace.png
!       Sausage.png
!       Save.png
!       School.png
!       Screen.png
!       Search.png
!       Select.png
!       Send.png
!       Settings, streamline.png
!       Shapes.png
!       Share.png
!       Shield.png
!       Shift.png
!       Shirt.png
!       Shopping.png
!       Shrink.png
!       Shuffle.png
!       SimpleArrow.png
!       SimpleClock.png
!       Skype.png
!       SlideShare.png
!       Spades.png
!       Spinning.png
!       SquaredMinus.png
!       SquaredPlus.png
!       Stamp, streamline.png
!       Star.png
!       Stop.png
!       Stopwatch.png
!       StrikeThrough.png
!       StumbleUpon.png
!       Suitcase.png
!       Swimming.png
!       T.png
!       Table.png
!       Tag.png
!       Tape.png
!       Target.png
!       Telephone.png
!       TextAlignCenter.png
!       TextAlignLeft.png
!       TextAlignRight.png
!       Thermometer.png
!       ThreeG.png
!       Thumbnails.png
!       ThumbsDown.png
!       ThumbsUp.png
!       Ticket.png
!       Time.png
!       Timing.png
!       Trademark.png
!       Transport.png
!       Trash.png
!       Trash2.png
!       Truck.png
!       Twitter.png
!       Umbrella.png
!       UnderLine.png
!       Undo.png
!       UpArrow.png
!       UpDownFillTriangle.png
!       UpFilledInTriangle.png
!       UpLeftArrow.png
!       UpRightArrow.png
!       UpTriangle.png
!       Update.png
!       Upload.png
!       Upload2.png
!       Usb.png
!       User.png
!       Users.png
!       VLines.png
!       Vallet.png
!       Video.png
!       VideoCamera.png
!       Visa.png
!       Volume.png
!       Wallet.png
!       Win8.png
!       Windows.png
!       Wireless.png
!       Word.png
!       World.png
!       Write.png
!       WriteDown.png
!       X.png
!       YIM.png
!       Yahoo.png
!       YouTube.png
!       scanQRCode.png
